build/app/intermediates/manifest_merge_blame_file/release/manifest-merger-blame-release-report.txt
1<?xml version="1.0" encoding="utf-8"?>
2<manifest xmlns:android="http://schemas.android.com/apk/res/android"
3    package="com.gbv.ismart"
4    android:versionCode="25"
5    android:versionName="0.0.2" >
6
7    <uses-sdk
8        android:minSdkVersion="21"
8-->src\main\AndroidManifest.xml
9        android:targetSdkVersion="31" />
9-->src\main\AndroidManifest.xml
10
11    <uses-permission android:name="android.permission.INTERNET" />
11-->src\main\AndroidManifest.xml:4:4-65
11-->src\main\AndroidManifest.xml:4:21-63
12    <uses-permission android:name="android.permission.CAMERA" />
12-->src\main\AndroidManifest.xml:5:3-62
12-->src\main\AndroidManifest.xml:5:20-60
13    <uses-permission android:name="android.permission.WAKE_LOCK" />
13-->[:firebase_messaging] AndroidManifest.xml:8:5-68
13-->[:firebase_messaging] AndroidManifest.xml:8:22-65
14    <uses-permission android:name="android.permission.ACCESS_NETWORK_STATE" />
14-->[:firebase_messaging] AndroidManifest.xml:9:5-79
14-->[:firebase_messaging] AndroidManifest.xml:9:22-76
15    <uses-permission android:name="android.permission.READ_EXTERNAL_STORAGE" />
15-->[:file_picker] AndroidManifest.xml:7:5-80
15-->[:file_picker] AndroidManifest.xml:7:22-77
16
17    <queries>
17-->[:file_picker] AndroidManifest.xml:9:5-15:15
18        <intent>
18-->[:file_picker] AndroidManifest.xml:10:9-14:18
19            <action android:name="android.intent.action.GET_CONTENT" />
19-->[:file_picker] AndroidManifest.xml:11:13-72
19-->[:file_picker] AndroidManifest.xml:11:21-69
20
21            <data android:mimeType="*/*" />
21-->src\main\AndroidManifest.xml:47:17-75
22        </intent>
23    </queries> <!-- Required by older versions of Google Play services to create IID tokens -->
24    <uses-permission android:name="com.google.android.c2dm.permission.RECEIVE" />
24-->[com.google.firebase:firebase-messaging:23.0.5] AndroidManifest.xml:28:5-82
24-->[com.google.firebase:firebase-messaging:23.0.5] AndroidManifest.xml:28:22-79
25
26    <application
26-->src\main\AndroidManifest.xml:6:4-60:19
27        android:appComponentFactory="androidx.core.app.CoreComponentFactory"
27-->[androidx.core:core:1.8.0] AndroidManifest.xml:24:18-86
28        android:icon="@mipmap/ic_launcher"
28-->src\main\AndroidManifest.xml:9:9-43
29        android:label="iSmart"
29-->src\main\AndroidManifest.xml:7:9-31
30        android:requestLegacyExternalStorage="true" >
30-->src\main\AndroidManifest.xml:10:9-52
31        <activity
31-->src\main\AndroidManifest.xml:12:9-50:20
32            android:name="com.gbv.ismart.MainActivity"
32-->src\main\AndroidManifest.xml:13:13-41
33            android:configChanges="orientation|keyboardHidden|keyboard|screenSize|smallestScreenSize|locale|layoutDirection|fontScale|screenLayout|density|uiMode"
33-->src\main\AndroidManifest.xml:17:13-163
34            android:exported="true"
34-->src\main\AndroidManifest.xml:14:13-36
35            android:hardwareAccelerated="true"
35-->src\main\AndroidManifest.xml:18:13-47
36            android:launchMode="singleTop"
36-->src\main\AndroidManifest.xml:15:13-43
37            android:theme="@style/LaunchTheme"
37-->src\main\AndroidManifest.xml:16:13-47
38            android:windowSoftInputMode="adjustResize" >
38-->src\main\AndroidManifest.xml:19:13-55
39
40            <!--
41                 Specifies an Android theme to apply to this Activity as soon as
42                 the Android process has started. This theme is visible to the user
43                 while the Flutter UI initializes. After that, this theme continues
44                 to determine the Window background behind the Flutter UI.
45            -->
46            <meta-data
46-->src\main\AndroidManifest.xml:24:13-27:17
47                android:name="io.flutter.embedding.android.NormalTheme"
47-->src\main\AndroidManifest.xml:25:15-70
48                android:resource="@style/NormalTheme" />
48-->src\main\AndroidManifest.xml:26:15-52
49            <!--
50                 Displays an Android View that continues showing the launch screen
51                 Drawable until Flutter paints its first frame, then this splash
52                 screen fades out. A splash screen is useful to avoid any visual
53                 gap between the end of Android's launch screen and the painting of
54                 Flutter's first frame.
55            -->
56            <meta-data
56-->src\main\AndroidManifest.xml:33:13-36:17
57                android:name="io.flutter.embedding.android.SplashScreenDrawable"
57-->src\main\AndroidManifest.xml:34:15-79
58                android:resource="@drawable/launch_background" />
58-->src\main\AndroidManifest.xml:35:15-61
59
60            <intent-filter>
60-->src\main\AndroidManifest.xml:37:13-40:29
61                <action android:name="android.intent.action.MAIN" />
61-->src\main\AndroidManifest.xml:38:17-68
61-->src\main\AndroidManifest.xml:38:25-66
62
63                <category android:name="android.intent.category.LAUNCHER" />
63-->src\main\AndroidManifest.xml:39:17-76
63-->src\main\AndroidManifest.xml:39:27-74
64            </intent-filter>
65            <!-- Deep linking -->
66            <meta-data
66-->src\main\AndroidManifest.xml:42:13-90
67                android:name="flutter_deeplinking_enabled"
67-->src\main\AndroidManifest.xml:42:24-66
68                android:value="true" />
68-->src\main\AndroidManifest.xml:42:67-87
69
70            <intent-filter android:autoVerify="true" >
70-->src\main\AndroidManifest.xml:43:13-48:29
70-->src\main\AndroidManifest.xml:43:28-53
71                <action android:name="android.intent.action.VIEW" />
71-->src\main\AndroidManifest.xml:44:17-69
71-->src\main\AndroidManifest.xml:44:25-66
72
73                <category android:name="android.intent.category.DEFAULT" />
73-->src\main\AndroidManifest.xml:45:17-76
73-->src\main\AndroidManifest.xml:45:27-73
74                <category android:name="android.intent.category.BROWSABLE" />
74-->src\main\AndroidManifest.xml:46:17-78
74-->src\main\AndroidManifest.xml:46:27-75
75
76                <data
76-->src\main\AndroidManifest.xml:47:17-75
77                    android:host="ismart.org"
77-->src\main\AndroidManifest.xml:47:47-72
78                    android:scheme="ismart" />
78-->src\main\AndroidManifest.xml:47:23-46
79            </intent-filter>
80        </activity>
81
82        <!--
83             Don't delete the meta-data below.
84             This is used by the Flutter tool to generate GeneratedPluginRegistrant.java
85        -->
86        <meta-data
86-->src\main\AndroidManifest.xml:54:9-56:33
87            android:name="flutterEmbedding"
87-->src\main\AndroidManifest.xml:55:13-44
88            android:value="2" />
88-->src\main\AndroidManifest.xml:56:13-30
89
90        <service
90-->[:cloud_firestore] AndroidManifest.xml:8:9-12:19
91            android:name="com.google.firebase.components.ComponentDiscoveryService"
91-->[:cloud_firestore] AndroidManifest.xml:8:18-89
92            android:directBootAware="true"
92-->[com.google.firebase:firebase-common:20.1.1] AndroidManifest.xml:35:13-43
93            android:exported="false" >
93-->[com.google.firebase:firebase-auth:21.0.5] AndroidManifest.xml:66:13-37
94            <meta-data
94-->[:cloud_firestore] AndroidManifest.xml:9:13-11:85
95                android:name="com.google.firebase.components:io.flutter.plugins.firebase.firestore.FlutterFirebaseFirestoreRegistrar"
95-->[:cloud_firestore] AndroidManifest.xml:10:17-134
96                android:value="com.google.firebase.components.ComponentRegistrar" />
96-->[:cloud_firestore] AndroidManifest.xml:11:17-82
97            <meta-data
97-->[:cloud_functions] AndroidManifest.xml:9:13-11:85
98                android:name="com.google.firebase.components:io.flutter.plugins.firebase.functions.FlutterFirebaseAppRegistrar"
98-->[:cloud_functions] AndroidManifest.xml:10:17-128
99                android:value="com.google.firebase.components.ComponentRegistrar" />
99-->[:cloud_functions] AndroidManifest.xml:11:17-82
100            <meta-data
100-->[:firebase_auth] AndroidManifest.xml:9:13-11:85
101                android:name="com.google.firebase.components:io.flutter.plugins.firebase.auth.FlutterFirebaseAuthRegistrar"
101-->[:firebase_auth] AndroidManifest.xml:10:17-124
102                android:value="com.google.firebase.components.ComponentRegistrar" />
102-->[:firebase_auth] AndroidManifest.xml:11:17-82
103            <meta-data
103-->[:firebase_storage] AndroidManifest.xml:9:13-11:85
104                android:name="com.google.firebase.components:io.flutter.plugins.firebase.storage.FlutterFirebaseAppRegistrar"
104-->[:firebase_storage] AndroidManifest.xml:10:17-126
105                android:value="com.google.firebase.components.ComponentRegistrar" />
105-->[:firebase_storage] AndroidManifest.xml:11:17-82
106            <meta-data
106-->[:firebase_messaging] AndroidManifest.xml:34:13-36:85
107                android:name="com.google.firebase.components:io.flutter.plugins.firebase.messaging.FlutterFirebaseAppRegistrar"
107-->[:firebase_messaging] AndroidManifest.xml:35:17-128
108                android:value="com.google.firebase.components.ComponentRegistrar" />
108-->[:firebase_messaging] AndroidManifest.xml:36:17-82
109            <meta-data
109-->[:firebase_core] AndroidManifest.xml:9:13-11:85
110                android:name="com.google.firebase.components:io.flutter.plugins.firebase.core.FlutterFirebaseCoreRegistrar"
110-->[:firebase_core] AndroidManifest.xml:10:17-124
111                android:value="com.google.firebase.components.ComponentRegistrar" />
111-->[:firebase_core] AndroidManifest.xml:11:17-82
112            <meta-data
112-->[com.google.firebase:firebase-auth:21.0.5] AndroidManifest.xml:67:13-69:85
113                android:name="com.google.firebase.components:com.google.firebase.auth.FirebaseAuthRegistrar"
113-->[com.google.firebase:firebase-auth:21.0.5] AndroidManifest.xml:68:17-109
114                android:value="com.google.firebase.components.ComponentRegistrar" />
114-->[com.google.firebase:firebase-auth:21.0.5] AndroidManifest.xml:69:17-82
115            <meta-data
115-->[com.google.firebase:firebase-functions:20.1.0] AndroidManifest.xml:18:13-20:85
116                android:name="com.google.firebase.components:com.google.firebase.functions.FunctionsRegistrar"
116-->[com.google.firebase:firebase-functions:20.1.0] AndroidManifest.xml:19:17-111
117                android:value="com.google.firebase.components.ComponentRegistrar" />
117-->[com.google.firebase:firebase-functions:20.1.0] AndroidManifest.xml:20:17-82
118            <meta-data
118-->[com.google.firebase:firebase-firestore:24.1.2] AndroidManifest.xml:20:13-22:85
119                android:name="com.google.firebase.components:com.google.firebase.firestore.FirestoreRegistrar"
119-->[com.google.firebase:firebase-firestore:24.1.2] AndroidManifest.xml:21:17-111
120                android:value="com.google.firebase.components.ComponentRegistrar" />
120-->[com.google.firebase:firebase-firestore:24.1.2] AndroidManifest.xml:22:17-82
121            <meta-data
121-->[com.google.firebase:firebase-messaging:23.0.5] AndroidManifest.xml:55:13-57:85
122                android:name="com.google.firebase.components:com.google.firebase.messaging.FirebaseMessagingRegistrar"
122-->[com.google.firebase:firebase-messaging:23.0.5] AndroidManifest.xml:56:17-119
123                android:value="com.google.firebase.components.ComponentRegistrar" />
123-->[com.google.firebase:firebase-messaging:23.0.5] AndroidManifest.xml:57:17-82
124            <meta-data
124-->[com.google.firebase:firebase-storage:20.0.1] AndroidManifest.xml:33:13-35:85
125                android:name="com.google.firebase.components:com.google.firebase.storage.StorageRegistrar"
125-->[com.google.firebase:firebase-storage:20.0.1] AndroidManifest.xml:34:17-107
126                android:value="com.google.firebase.components.ComponentRegistrar" />
126-->[com.google.firebase:firebase-storage:20.0.1] AndroidManifest.xml:35:17-82
127            <meta-data
127-->[com.google.firebase:firebase-iid:21.1.0] AndroidManifest.xml:32:13-34:85
128                android:name="com.google.firebase.components:com.google.firebase.iid.Registrar"
128-->[com.google.firebase:firebase-iid:21.1.0] AndroidManifest.xml:33:17-96
129                android:value="com.google.firebase.components.ComponentRegistrar" />
129-->[com.google.firebase:firebase-iid:21.1.0] AndroidManifest.xml:34:17-82
130            <meta-data
130-->[com.google.firebase:firebase-datatransport:18.1.4] AndroidManifest.xml:28:13-30:85
131                android:name="com.google.firebase.components:com.google.firebase.datatransport.TransportRegistrar"
131-->[com.google.firebase:firebase-datatransport:18.1.4] AndroidManifest.xml:29:17-115
132                android:value="com.google.firebase.components.ComponentRegistrar" />
132-->[com.google.firebase:firebase-datatransport:18.1.4] AndroidManifest.xml:30:17-82
133            <meta-data
133-->[com.google.firebase:firebase-installations:17.0.1] AndroidManifest.xml:18:13-20:85
134                android:name="com.google.firebase.components:com.google.firebase.installations.FirebaseInstallationsRegistrar"
134-->[com.google.firebase:firebase-installations:17.0.1] AndroidManifest.xml:19:17-127
135                android:value="com.google.firebase.components.ComponentRegistrar" />
135-->[com.google.firebase:firebase-installations:17.0.1] AndroidManifest.xml:20:17-82
136        </service>
137        <service
137-->[:firebase_messaging] AndroidManifest.xml:12:9-15:72
138            android:name="io.flutter.plugins.firebase.messaging.FlutterFirebaseMessagingBackgroundService"
138-->[:firebase_messaging] AndroidManifest.xml:13:13-107
139            android:exported="false"
139-->[:firebase_messaging] AndroidManifest.xml:14:13-37
140            android:permission="android.permission.BIND_JOB_SERVICE" />
140-->[:firebase_messaging] AndroidManifest.xml:15:13-69
141        <service
141-->[:firebase_messaging] AndroidManifest.xml:16:9-22:19
142            android:name="io.flutter.plugins.firebase.messaging.FlutterFirebaseMessagingService"
142-->[:firebase_messaging] AndroidManifest.xml:17:13-97
143            android:exported="false" >
143-->[:firebase_messaging] AndroidManifest.xml:18:13-37
144            <intent-filter>
144-->[:firebase_messaging] AndroidManifest.xml:19:13-21:29
145                <action android:name="com.google.firebase.MESSAGING_EVENT" />
145-->[:firebase_messaging] AndroidManifest.xml:20:17-78
145-->[:firebase_messaging] AndroidManifest.xml:20:25-75
146            </intent-filter>
147        </service>
148
149        <receiver
149-->[:firebase_messaging] AndroidManifest.xml:24:9-31:20
150            android:name="io.flutter.plugins.firebase.messaging.FlutterFirebaseMessagingReceiver"
150-->[:firebase_messaging] AndroidManifest.xml:25:13-98
151            android:exported="true"
151-->[:firebase_messaging] AndroidManifest.xml:26:13-36
152            android:permission="com.google.android.c2dm.permission.SEND" >
152-->[:firebase_messaging] AndroidManifest.xml:27:13-73
153            <intent-filter>
153-->[:firebase_messaging] AndroidManifest.xml:28:13-30:29
154                <action android:name="com.google.android.c2dm.intent.RECEIVE" />
154-->[:firebase_messaging] AndroidManifest.xml:29:17-81
154-->[:firebase_messaging] AndroidManifest.xml:29:25-78
155            </intent-filter>
156        </receiver>
157
158        <provider
158-->[:firebase_messaging] AndroidManifest.xml:39:9-43:38
159            android:name="io.flutter.plugins.firebase.messaging.FlutterFirebaseMessagingInitProvider"
159-->[:firebase_messaging] AndroidManifest.xml:40:13-102
160            android:authorities="com.gbv.ismart.flutterfirebasemessaginginitprovider"
160-->[:firebase_messaging] AndroidManifest.xml:41:13-88
161            android:exported="false"
161-->[:firebase_messaging] AndroidManifest.xml:42:13-37
162            android:initOrder="99" />
162-->[:firebase_messaging] AndroidManifest.xml:43:13-35
163        <provider
163-->[:image_picker_android] AndroidManifest.xml:8:9-16:20
164            android:name="io.flutter.plugins.imagepicker.ImagePickerFileProvider"
164-->[:image_picker_android] AndroidManifest.xml:9:13-82
165            android:authorities="com.gbv.ismart.flutter.image_provider"
165-->[:image_picker_android] AndroidManifest.xml:10:13-74
166            android:exported="false"
166-->[:image_picker_android] AndroidManifest.xml:11:13-37
167            android:grantUriPermissions="true" >
167-->[:image_picker_android] AndroidManifest.xml:12:13-47
168            <meta-data
168-->[:image_picker_android] AndroidManifest.xml:13:13-15:75
169                android:name="android.support.FILE_PROVIDER_PATHS"
169-->[:image_picker_android] AndroidManifest.xml:14:17-67
170                android:resource="@xml/flutter_image_picker_file_paths" />
170-->[:image_picker_android] AndroidManifest.xml:15:17-72
171        </provider>
172
173        <activity
173-->[:url_launcher_android] AndroidManifest.xml:8:9-11:74
174            android:name="io.flutter.plugins.urllauncher.WebViewActivity"
174-->[:url_launcher_android] AndroidManifest.xml:9:13-74
175            android:exported="false"
175-->[:url_launcher_android] AndroidManifest.xml:10:13-37
176            android:theme="@android:style/Theme.NoTitleBar.Fullscreen" />
176-->[:url_launcher_android] AndroidManifest.xml:11:13-71
177
178        <provider
178-->[:share_plus] AndroidManifest.xml:8:9-16:20
179            android:name="dev.fluttercommunity.plus.share.ShareFileProvider"
179-->[:share_plus] AndroidManifest.xml:9:13-77
180            android:authorities="com.gbv.ismart.flutter.share_provider"
180-->[:share_plus] AndroidManifest.xml:10:13-74
181            android:exported="false"
181-->[:share_plus] AndroidManifest.xml:11:13-37
182            android:grantUriPermissions="true" >
182-->[:share_plus] AndroidManifest.xml:12:13-47
183            <meta-data
183-->[:image_picker_android] AndroidManifest.xml:13:13-15:75
184                android:name="android.support.FILE_PROVIDER_PATHS"
184-->[:image_picker_android] AndroidManifest.xml:14:17-67
185                android:resource="@xml/flutter_share_file_paths" />
185-->[:image_picker_android] AndroidManifest.xml:15:17-72
186        </provider>
187
188        <uses-library
188-->[androidx.window:window:1.0.0-beta04] AndroidManifest.xml:25:9-27:40
189            android:name="androidx.window.extensions"
189-->[androidx.window:window:1.0.0-beta04] AndroidManifest.xml:26:13-54
190            android:required="false" />
190-->[androidx.window:window:1.0.0-beta04] AndroidManifest.xml:27:13-37
191        <uses-library
191-->[androidx.window:window:1.0.0-beta04] AndroidManifest.xml:28:9-30:40
192            android:name="androidx.window.sidecar"
192-->[androidx.window:window:1.0.0-beta04] AndroidManifest.xml:29:13-51
193            android:required="false" />
193-->[androidx.window:window:1.0.0-beta04] AndroidManifest.xml:30:13-37
194
195        <activity
195-->[com.google.firebase:firebase-auth:21.0.5] AndroidManifest.xml:27:9-44:20
196            android:name="com.google.firebase.auth.internal.GenericIdpActivity"
196-->[com.google.firebase:firebase-auth:21.0.5] AndroidManifest.xml:28:13-80
197            android:excludeFromRecents="true"
197-->[com.google.firebase:firebase-auth:21.0.5] AndroidManifest.xml:29:13-46
198            android:exported="true"
198-->[com.google.firebase:firebase-auth:21.0.5] AndroidManifest.xml:30:13-36
199            android:launchMode="singleTask"
199-->[com.google.firebase:firebase-auth:21.0.5] AndroidManifest.xml:31:13-44
200            android:theme="@android:style/Theme.Translucent.NoTitleBar" >
200-->[com.google.firebase:firebase-auth:21.0.5] AndroidManifest.xml:32:13-72
201            <intent-filter>
201-->[com.google.firebase:firebase-auth:21.0.5] AndroidManifest.xml:33:13-43:29
202                <action android:name="android.intent.action.VIEW" />
202-->src\main\AndroidManifest.xml:44:17-69
202-->src\main\AndroidManifest.xml:44:25-66
203
204                <category android:name="android.intent.category.DEFAULT" />
204-->src\main\AndroidManifest.xml:45:17-76
204-->src\main\AndroidManifest.xml:45:27-73
205                <category android:name="android.intent.category.BROWSABLE" />
205-->src\main\AndroidManifest.xml:46:17-78
205-->src\main\AndroidManifest.xml:46:27-75
206
207                <data
207-->src\main\AndroidManifest.xml:47:17-75
208                    android:host="firebase.auth"
208-->src\main\AndroidManifest.xml:47:47-72
209                    android:path="/"
210                    android:scheme="genericidp" />
210-->src\main\AndroidManifest.xml:47:23-46
211            </intent-filter>
212        </activity>
213        <activity
213-->[com.google.firebase:firebase-auth:21.0.5] AndroidManifest.xml:45:9-62:20
214            android:name="com.google.firebase.auth.internal.RecaptchaActivity"
214-->[com.google.firebase:firebase-auth:21.0.5] AndroidManifest.xml:46:13-79
215            android:excludeFromRecents="true"
215-->[com.google.firebase:firebase-auth:21.0.5] AndroidManifest.xml:47:13-46
216            android:exported="true"
216-->[com.google.firebase:firebase-auth:21.0.5] AndroidManifest.xml:48:13-36
217            android:launchMode="singleTask"
217-->[com.google.firebase:firebase-auth:21.0.5] AndroidManifest.xml:49:13-44
218            android:theme="@android:style/Theme.Translucent.NoTitleBar" >
218-->[com.google.firebase:firebase-auth:21.0.5] AndroidManifest.xml:50:13-72
219            <intent-filter>
219-->[com.google.firebase:firebase-auth:21.0.5] AndroidManifest.xml:51:13-61:29
220                <action android:name="android.intent.action.VIEW" />
220-->src\main\AndroidManifest.xml:44:17-69
220-->src\main\AndroidManifest.xml:44:25-66
221
222                <category android:name="android.intent.category.DEFAULT" />
222-->src\main\AndroidManifest.xml:45:17-76
222-->src\main\AndroidManifest.xml:45:27-73
223                <category android:name="android.intent.category.BROWSABLE" />
223-->src\main\AndroidManifest.xml:46:17-78
223-->src\main\AndroidManifest.xml:46:27-75
224
225                <data
225-->src\main\AndroidManifest.xml:47:17-75
226                    android:host="firebase.auth"
226-->src\main\AndroidManifest.xml:47:47-72
227                    android:path="/"
228                    android:scheme="recaptcha" />
228-->src\main\AndroidManifest.xml:47:23-46
229            </intent-filter>
230        </activity>
231
232        <receiver
232-->[com.google.firebase:firebase-messaging:23.0.5] AndroidManifest.xml:31:9-38:20
233            android:name="com.google.firebase.iid.FirebaseInstanceIdReceiver"
233-->[com.google.firebase:firebase-messaging:23.0.5] AndroidManifest.xml:32:13-78
234            android:exported="true"
234-->[com.google.firebase:firebase-messaging:23.0.5] AndroidManifest.xml:33:13-36
235            android:permission="com.google.android.c2dm.permission.SEND" >
235-->[com.google.firebase:firebase-messaging:23.0.5] AndroidManifest.xml:34:13-73
236            <intent-filter>
236-->[:firebase_messaging] AndroidManifest.xml:28:13-30:29
237                <action android:name="com.google.android.c2dm.intent.RECEIVE" />
237-->[:firebase_messaging] AndroidManifest.xml:29:17-81
237-->[:firebase_messaging] AndroidManifest.xml:29:25-78
238            </intent-filter>
239        </receiver>
240        <!--
241             FirebaseMessagingService performs security checks at runtime,
242             but set to not exported to explicitly avoid allowing another app to call it.
243        -->
244        <service
244-->[com.google.firebase:firebase-messaging:23.0.5] AndroidManifest.xml:44:9-51:19
245            android:name="com.google.firebase.messaging.FirebaseMessagingService"
245-->[com.google.firebase:firebase-messaging:23.0.5] AndroidManifest.xml:45:13-82
246            android:directBootAware="true"
246-->[com.google.firebase:firebase-messaging:23.0.5] AndroidManifest.xml:46:13-43
247            android:exported="false" >
247-->[com.google.firebase:firebase-messaging:23.0.5] AndroidManifest.xml:47:13-37
248            <intent-filter android:priority="-500" >
248-->[:firebase_messaging] AndroidManifest.xml:19:13-21:29
249                <action android:name="com.google.firebase.MESSAGING_EVENT" />
249-->[:firebase_messaging] AndroidManifest.xml:20:17-78
249-->[:firebase_messaging] AndroidManifest.xml:20:25-75
250            </intent-filter>
251        </service>
252
253        <provider
253-->[com.google.firebase:firebase-common:20.1.1] AndroidManifest.xml:26:9-31:39
254            android:name="com.google.firebase.provider.FirebaseInitProvider"
254-->[com.google.firebase:firebase-common:20.1.1] AndroidManifest.xml:27:13-77
255            android:authorities="com.gbv.ismart.firebaseinitprovider"
255-->[com.google.firebase:firebase-common:20.1.1] AndroidManifest.xml:28:13-72
256            android:directBootAware="true"
256-->[com.google.firebase:firebase-common:20.1.1] AndroidManifest.xml:29:13-43
257            android:exported="false"
257-->[com.google.firebase:firebase-common:20.1.1] AndroidManifest.xml:30:13-37
258            android:initOrder="100" />
258-->[com.google.firebase:firebase-common:20.1.1] AndroidManifest.xml:31:13-36
259
260        <activity
260-->[com.google.android.gms:play-services-auth:20.0.1] AndroidManifest.xml:23:9-27:75
261            android:name="com.google.android.gms.auth.api.signin.internal.SignInHubActivity"
261-->[com.google.android.gms:play-services-auth:20.0.1] AndroidManifest.xml:24:13-93
262            android:excludeFromRecents="true"
262-->[com.google.android.gms:play-services-auth:20.0.1] AndroidManifest.xml:25:13-46
263            android:exported="false"
263-->[com.google.android.gms:play-services-auth:20.0.1] AndroidManifest.xml:26:13-37
264            android:theme="@android:style/Theme.Translucent.NoTitleBar" />
264-->[com.google.android.gms:play-services-auth:20.0.1] AndroidManifest.xml:27:13-72
265        <!--
266            Service handling Google Sign-In user revocation. For apps that do not integrate with
267            Google Sign-In, this service will never be started.
268        -->
269        <service
269-->[com.google.android.gms:play-services-auth:20.0.1] AndroidManifest.xml:33:9-37:51
270            android:name="com.google.android.gms.auth.api.signin.RevocationBoundService"
270-->[com.google.android.gms:play-services-auth:20.0.1] AndroidManifest.xml:34:13-89
271            android:exported="true"
271-->[com.google.android.gms:play-services-auth:20.0.1] AndroidManifest.xml:35:13-36
272            android:permission="com.google.android.gms.auth.api.signin.permission.REVOCATION_NOTIFICATION"
272-->[com.google.android.gms:play-services-auth:20.0.1] AndroidManifest.xml:36:13-107
273            android:visibleToInstantApps="true" />
273-->[com.google.android.gms:play-services-auth:20.0.1] AndroidManifest.xml:37:13-48
274
275        <activity
275-->[com.google.android.gms:play-services-base:18.0.1] AndroidManifest.xml:20:9-22:45
276            android:name="com.google.android.gms.common.api.GoogleApiActivity"
276-->[com.google.android.gms:play-services-base:18.0.1] AndroidManifest.xml:20:19-85
277            android:exported="false"
277-->[com.google.android.gms:play-services-base:18.0.1] AndroidManifest.xml:22:19-43
278            android:theme="@android:style/Theme.Translucent.NoTitleBar" />
278-->[com.google.android.gms:play-services-base:18.0.1] AndroidManifest.xml:21:19-78
279
280        <meta-data
280-->[com.google.android.gms:play-services-basement:18.0.0] AndroidManifest.xml:21:9-23:69
281            android:name="com.google.android.gms.version"
281-->[com.google.android.gms:play-services-basement:18.0.0] AndroidManifest.xml:22:13-58
282            android:value="@integer/google_play_services_version" />
282-->[com.google.android.gms:play-services-basement:18.0.0] AndroidManifest.xml:23:13-66
283
284        <service
284-->[com.google.android.datatransport:transport-backend-cct:3.1.5] AndroidManifest.xml:29:9-35:19
285            android:name="com.google.android.datatransport.runtime.backends.TransportBackendDiscovery"
285-->[com.google.android.datatransport:transport-backend-cct:3.1.5] AndroidManifest.xml:30:13-103
286            android:exported="false" >
286-->[com.google.android.datatransport:transport-backend-cct:3.1.5] AndroidManifest.xml:31:13-37
287            <meta-data
287-->[com.google.android.datatransport:transport-backend-cct:3.1.5] AndroidManifest.xml:32:13-34:39
288                android:name="backend:com.google.android.datatransport.cct.CctBackendFactory"
288-->[com.google.android.datatransport:transport-backend-cct:3.1.5] AndroidManifest.xml:33:17-94
289                android:value="cct" />
289-->[com.google.android.datatransport:transport-backend-cct:3.1.5] AndroidManifest.xml:34:17-36
290        </service>
291        <service
291-->[com.google.android.datatransport:transport-runtime:3.1.5] AndroidManifest.xml:26:9-30:19
292            android:name="com.google.android.datatransport.runtime.scheduling.jobscheduling.JobInfoSchedulerService"
292-->[com.google.android.datatransport:transport-runtime:3.1.5] AndroidManifest.xml:27:13-117
293            android:exported="false"
293-->[com.google.android.datatransport:transport-runtime:3.1.5] AndroidManifest.xml:28:13-37
294            android:permission="android.permission.BIND_JOB_SERVICE" >
294-->[com.google.android.datatransport:transport-runtime:3.1.5] AndroidManifest.xml:29:13-69
295        </service>
296
297        <receiver
297-->[com.google.android.datatransport:transport-runtime:3.1.5] AndroidManifest.xml:32:9-34:40
298            android:name="com.google.android.datatransport.runtime.scheduling.jobscheduling.AlarmManagerSchedulerBroadcastReceiver"
298-->[com.google.android.datatransport:transport-runtime:3.1.5] AndroidManifest.xml:33:13-132